(---------------------------------------------------------------------)
(                                                                     )
(    Compose Shapes                                                   )
(                                                                     )
(    Drawing          : scxStandard.brd                               )
(    Software Version : 17.4P001                                      )
(    Date/Time        : Thu Sep 18 21:22:56 2025                      )
(                                                                     )
(---------------------------------------------------------------------)


current class name(BOARD GEOMETRY)
Find smallest gap failed. Be cautious, this may not be an error
Retrieve closedLoop with segments (nil) failed
A total of 1 shapes were created.
current class name(BOARD GEOMETRY)
Find smallest gap failed. Be cautious, this may not be an error
Retrieve closedLoop with segments (nil) failed
A total of 2 shapes were created.
current class name(BOARD GEOMETRY)
Find smallest gap failed. Be cautious, this may not be an error
Retrieve closedLoop with segments (nil) failed
A total of 4 shapes were created.
current class name(BOARD GEOMETRY)
Find smallest gap failed. Be cautious, this may not be an error
Retrieve closedLoop with segments (nil) failed
A total of 5 shapes were created.
current class name(BOARD GEOMETRY)
Find smallest gap failed. Be cautious, this may not be an error
Retrieve closedLoop with segments (nil) failed
A total of 6 shapes were created.
current class name(BOARD GEOMETRY)
Find smallest gap failed. Be cautious, this may not be an error
Retrieve closedLoop with segments (nil) failed
A total of 7 shapes were created.
current class name(BOARD GEOMETRY)
Find smallest gap failed. Be cautious, this may not be an error
Retrieve closedLoop with segments (nil) failed
A total of 8 shapes were created.
current class name(BOARD GEOMETRY)
Find smallest gap failed. Be cautious, this may not be an error
Retrieve closedLoop with segments (nil) failed
A total of 9 shapes were created.
current class name(BOARD GEOMETRY)
Find smallest gap failed. Be cautious, this may not be an error
Retrieve closedLoop with segments (nil) failed
A total of 10 shapes were created.
current class name(BOARD GEOMETRY)
Find smallest gap failed. Be cautious, this may not be an error
Retrieve closedLoop with segments (nil) failed
A total of 11 shapes were created.
Find smallest gap failed. Be cautious, this may not be an error
Retrieve closedLoop with segments (nil) failed
A total of 11 shapes were created.
